Using pre-set license
Built from '2020.2/staging' branch; Version is '2020.2.7f1 (c53830e277f1) revision 12924976'; Using compiler version '192528614'; Build Type 'Release'
OS: 'Windows 10 Home; OS build 19043.1165; Version 2009; 64bit' Language: 'en' Physical Memory: 3906 MB
BatchMode: 1, IsHumanControllingUs: 0, StartBugReporterOnCrash: 0, Is64bit: 1, IsPro: 0

 COMMAND LINE ARGUMENTS:
C:\Program Files\Unity\Hub\Editor\2020.2.7f1\Editor\Unity.exe
-adb2
-batchMode
-noUpm
-name
AssetImportWorker4
-projectPath
C:/Users/daved/Desktop/unity projects/my project unity/game projects/Courage project 2
-logFile
Logs/AssetImportWorker4.log
-srvPort
59200
Successfully changed project path to: C:/Users/daved/Desktop/unity projects/my project unity/game projects/Courage project 2
C:/Users/daved/Desktop/unity projects/my project unity/game projects/Courage project 2
Using Asset Import Pipeline V2.
Refreshing native plugins compatible for Editor in 458.93 ms, found 1 plugins.
Preloading 0 native plugins for Editor in 0.00 ms.
Initialize engine version: 2020.2.7f1 (c53830e277f1)
[Subsystems] Discovering subsystems at path C:/Program Files/Unity/Hub/Editor/2020.2.7f1/Editor/Data/Resources/UnitySubsystems
[Subsystems] Discovering subsystems at path C:/Users/daved/Desktop/unity projects/my project unity/game projects/Courage project 2/Assets
GfxDevice: creating device client; threaded=0
Direct3D:
    Version:  Direct3D 11.0 [level 11.1]
    Renderer: Intel(R) UHD Graphics 600 (ID=0x3185)
    Vendor:   
    VRAM:     1953 MB
    Driver:   27.20.100.8682
Initialize mono
Mono path[0] = 'C:/Program Files/Unity/Hub/Editor/2020.2.7f1/Editor/Data/Managed'
Mono path[1] = 'C:/Program Files/Unity/Hub/Editor/2020.2.7f1/Editor/Data/MonoBleedingEdge/lib/mono/unityjit'
Mono config path = 'C:/Program Files/Unity/Hub/Editor/2020.2.7f1/Editor/Data/MonoBleedingEdge/etc'
Using monoOptions --debugger-agent=transport=dt_socket,embedding=1,server=y,suspend=n,address=127.0.0.1:56532
Begin MonoManager ReloadAssembly
Registering precompiled unity dll's ...
Register platform support module: C:/Program Files/Unity/Hub/Editor/2020.2.7f1/Editor/Data/PlaybackEngines/WebGLSupport/UnityEditor.WebGL.Extensions.dll
Register platform support module: C:/Program Files/Unity/Hub/Editor/2020.2.7f1/Editor/Data/PlaybackEngines/WindowsStandaloneSupport/UnityEditor.WindowsStandalone.Extensions.dll
Registered in 0.513334 seconds.
Native extension for WindowsStandalone target not found
Native extension for WebGL target not found
Refreshing native plugins compatible for Editor in 128.71 ms, found 1 plugins.
Preloading 0 native plugins for Editor in 0.00 ms.
Invoked RoslynAnalysisRunner static constructor.
RoslynAnalysisRunner will not be running.
RoslynAnalysisRunner has terminated.
Mono: successfully reloaded assembly
- Completed reload, in  9.352 seconds
Platform modules already initialized, skipping
Registering precompiled user dll's ...
Registered in 0.049131 seconds.
Begin MonoManager ReloadAssembly
Native extension for WindowsStandalone target not found
Native extension for WebGL target not found
Refreshing native plugins compatible for Editor in 174.91 ms, found 1 plugins.
Preloading 0 native plugins for Editor in 0.00 ms.
Invoked RoslynAnalysisRunner static constructor.
RoslynAnalysisRunner will not be running.
RoslynAnalysisRunner has terminated.
Mono: successfully reloaded assembly
- Completed reload, in  4.972 seconds
Platform modules already initialized, skipping
========================================================================
Worker process is ready to serve import requests
Launched and connected shader compiler UnityShaderCompiler.exe after 0.31 seconds
Refreshing native plugins compatible for Editor in 1.12 ms, found 1 plugins.
Preloading 0 native plugins for Editor in 0.00 ms.
Unloading 1811 Unused Serialized files (Serialized files now loaded: 0)
System memory in use before: 85.4 MB.
System memory in use after: 85.4 MB.

Unloading 19 unused Assets to reduce memory usage. Loaded Objects now: 2259.
Total: 30.321300 ms (FindLiveObjects: 2.221900 ms CreateObjectMapping: 0.199500 ms MarkObjects: 24.410700 ms  DeleteObjects: 3.484500 ms)

========================================================================
Received Import Request.
  path: Assets/Scripts/Playerhealth.cs
  artifactKey: Guid(ac49add705a96ef468a30e670d89e033) Importer(815301076,1909f56bfc062723c751e8b465ee728b)
Start importing Assets/Scripts/Playerhealth.cs using Guid(ac49add705a96ef468a30e670d89e033) Importer(815301076,1909f56bfc062723c751e8b465ee728b)  -> (artifact id: 'd9427b67ec1e8983ed35d2786aed32e3') in 0.494487 seconds
  Import took 0.507480 seconds .

========================================================================
Received Import Request.
  Time since last request: 409.922108 seconds.
  path: Assets/Scripts/Playerhealth.cs
  artifactKey: Guid(ac49add705a96ef468a30e670d89e033) Importer(815301076,1909f56bfc062723c751e8b465ee728b)
Start importing Assets/Scripts/Playerhealth.cs using Guid(ac49add705a96ef468a30e670d89e033) Importer(815301076,1909f56bfc062723c751e8b465ee728b)  -> (artifact id: 'cd31b4fbb0a3fd36f976e64764f9cea5') in 0.092074 seconds
  Import took 2.371872 seconds .

========================================================================
Received Prepare
Registering precompiled user dll's ...
Registered in 0.014572 seconds.
Begin MonoManager ReloadAssembly
Native extension for WindowsStandalone target not found
Native extension for WebGL target not found
Refreshing native plugins compatible for Editor in 38.32 ms, found 1 plugins.
Preloading 0 native plugins for Editor in 0.00 ms.
Invoked RoslynAnalysisRunner static constructor.
RoslynAnalysisRunner will not be running.
RoslynAnalysisRunner has terminated.
Mono: successfully reloaded assembly
- Completed reload, in  5.594 seconds
Platform modules already initialized, skipping
Refreshing native plugins compatible for Editor in 1.07 ms, found 1 plugins.
Preloading 0 native plugins for Editor in 0.00 ms.
Unloading 1802 Unused Serialized files (Serialized files now loaded: 0)
System memory in use before: 85.0 MB.
System memory in use after: 85.2 MB.

Unloading 8 unused Assets to reduce memory usage. Loaded Objects now: 2262.
Total: 20.237800 ms (FindLiveObjects: 1.500700 ms CreateObjectMapping: 0.120000 ms MarkObjects: 18.118100 ms  DeleteObjects: 0.494300 ms)

========================================================================
Received Prepare
Registering precompiled user dll's ...
Registered in 0.011819 seconds.
Begin MonoManager ReloadAssembly
Native extension for WindowsStandalone target not found
Native extension for WebGL target not found
Refreshing native plugins compatible for Editor in 1.13 ms, found 1 plugins.
Preloading 0 native plugins for Editor in 0.00 ms.
Invoked RoslynAnalysisRunner static constructor.
RoslynAnalysisRunner will not be running.
RoslynAnalysisRunner has terminated.
Mono: successfully reloaded assembly
- Completed reload, in  4.138 seconds
Platform modules already initialized, skipping
Refreshing native plugins compatible for Editor in 1.08 ms, found 1 plugins.
Preloading 0 native plugins for Editor in 0.00 ms.
Unloading 1802 Unused Serialized files (Serialized files now loaded: 0)
System memory in use before: 85.1 MB.
System memory in use after: 85.2 MB.

Unloading 8 unused Assets to reduce memory usage. Loaded Objects now: 2265.
Total: 7.024300 ms (FindLiveObjects: 0.538400 ms CreateObjectMapping: 0.105600 ms MarkObjects: 6.332900 ms  DeleteObjects: 0.043900 ms)

========================================================================
Received Prepare
Registering precompiled user dll's ...
Registered in 0.004920 seconds.
Begin MonoManager ReloadAssembly
Native extension for WindowsStandalone target not found
Native extension for WebGL target not found
Refreshing native plugins compatible for Editor in 1.23 ms, found 1 plugins.
Preloading 0 native plugins for Editor in 0.00 ms.
Invoked RoslynAnalysisRunner static constructor.
RoslynAnalysisRunner will not be running.
RoslynAnalysisRunner has terminated.
Mono: successfully reloaded assembly
- Completed reload, in  2.256 seconds
Platform modules already initialized, skipping
Refreshing native plugins compatible for Editor in 1.10 ms, found 1 plugins.
Preloading 0 native plugins for Editor in 0.00 ms.
Unloading 1802 Unused Serialized files (Serialized files now loaded: 0)
System memory in use before: 85.1 MB.
System memory in use after: 85.2 MB.

Unloading 8 unused Assets to reduce memory usage. Loaded Objects now: 2268.
Total: 4.381600 ms (FindLiveObjects: 0.545100 ms CreateObjectMapping: 0.103200 ms MarkObjects: 3.689800 ms  DeleteObjects: 0.041500 ms)

========================================================================
Received Import Request.
  Time since last request: 681.007930 seconds.
  path: Assets/Sprites/הורדה.png
  artifactKey: Guid(7aeb2dc3c8edd534f8f8a6a29dabc6ea) Importer(815301076,1909f56bfc062723c751e8b465ee728b)
Start importing Assets/Sprites/הורדה.png using Guid(7aeb2dc3c8edd534f8f8a6a29dabc6ea) Importer(815301076,1909f56bfc062723c751e8b465ee728b)  -> (artifact id: 'f3ce1e180a2e21f70d491ba8d20913a6') in 2.350494 seconds
  Import took 3.139209 seconds .

========================================================================
Received Import Request.
  Time since last request: 2.589947 seconds.
  path: Assets/Sprites/health bar.png
  artifactKey: Guid(7aeb2dc3c8edd534f8f8a6a29dabc6ea) Importer(815301076,1909f56bfc062723c751e8b465ee728b)
Start importing Assets/Sprites/health bar.png using Guid(7aeb2dc3c8edd534f8f8a6a29dabc6ea) Importer(815301076,1909f56bfc062723c751e8b465ee728b)  -> (artifact id: '08209017c1eb7766ba0bce631335e045') in 0.102514 seconds
  Import took 0.114601 seconds .

========================================================================
Received Import Request.
  Time since last request: 115.781133 seconds.
  path: Assets/Sprites/health bar.png
  artifactKey: Guid(7aeb2dc3c8edd534f8f8a6a29dabc6ea) Importer(815301076,1909f56bfc062723c751e8b465ee728b)
Start importing Assets/Sprites/health bar.png using Guid(7aeb2dc3c8edd534f8f8a6a29dabc6ea) Importer(815301076,1909f56bfc062723c751e8b465ee728b)  -> (artifact id: '1cb7915ace9802f7580afe98ca7c3b61') in 0.129025 seconds
  Import took 0.143557 seconds .

========================================================================
Received Import Request.
  Time since last request: 579.232270 seconds.
  path: Assets/Sprites/109-1091472_health-bar-colorfulness-hd-png-download.png
  artifactKey: Guid(3b90e509715f9584f8b976ab004b7a87) Importer(815301076,1909f56bfc062723c751e8b465ee728b)
Start importing Assets/Sprites/109-1091472_health-bar-colorfulness-hd-png-download.png using Guid(3b90e509715f9584f8b976ab004b7a87) Importer(815301076,1909f56bfc062723c751e8b465ee728b)  -> (artifact id: 'be5f2776eb1c04fcb2efa3126f0e3a1b') in 0.202210 seconds
  Import took 0.214859 seconds .

========================================================================
Received Import Request.
  Time since last request: 105.892951 seconds.
  path: Assets/Sprites/76-768660_health-bar-png-parallel-transparent-png.png
  artifactKey: Guid(188236b3008bd5349a8b5c1f6aebadea) Importer(815301076,1909f56bfc062723c751e8b465ee728b)
Start importing Assets/Sprites/76-768660_health-bar-png-parallel-transparent-png.png using Guid(188236b3008bd5349a8b5c1f6aebadea) Importer(815301076,1909f56bfc062723c751e8b465ee728b)  -> (artifact id: '6133eb53b8bf9c5dd866eff48deccb88') in 0.090684 seconds
  Import took 0.103151 seconds .

========================================================================
Received Import Request.
  Time since last request: 61.156550 seconds.
  path: Assets/Sprites/76-768660_health-bar-png-parallel-transparent-png.png
  artifactKey: Guid(188236b3008bd5349a8b5c1f6aebadea) Importer(815301076,1909f56bfc062723c751e8b465ee728b)
Start importing Assets/Sprites/76-768660_health-bar-png-parallel-transparent-png.png using Guid(188236b3008bd5349a8b5c1f6aebadea) Importer(815301076,1909f56bfc062723c751e8b465ee728b)  -> (artifact id: '437c8b5ec7102c1e379f0663e0ebc94f') in 0.103861 seconds
  Import took 0.115235 seconds .

========================================================================
Received Import Request.
  Time since last request: 164.721079 seconds.
  path: Assets/Sprites/images-removebg-preview.png
  artifactKey: Guid(1a3a223cdf115334eb7bb7034fa157a0) Importer(815301076,1909f56bfc062723c751e8b465ee728b)
Start importing Assets/Sprites/images-removebg-preview.png using Guid(1a3a223cdf115334eb7bb7034fa157a0) Importer(815301076,1909f56bfc062723c751e8b465ee728b)  -> (artifact id: 'b0b5618df358b28f52be98a83a1166eb') in 0.135425 seconds
  Import took 0.150805 seconds .

========================================================================
Received Import Request.
  Time since last request: 438.402145 seconds.
  path: Assets/Scripts/Healthmeter.cs
  artifactKey: Guid(937d82b6e8a59344fb6a3be4e2407507) Importer(815301076,1909f56bfc062723c751e8b465ee728b)
Start importing Assets/Scripts/Healthmeter.cs using Guid(937d82b6e8a59344fb6a3be4e2407507) Importer(815301076,1909f56bfc062723c751e8b465ee728b)  -> (artifact id: 'e25931bab199407ce53f050882479c31') in 0.126316 seconds
  Import took 0.152061 seconds .

========================================================================
Received Prepare
Registering precompiled user dll's ...
Registered in 0.026827 seconds.
Begin MonoManager ReloadAssembly
Native extension for WindowsStandalone target not found
Native extension for WebGL target not found
Refreshing native plugins compatible for Editor in 4.51 ms, found 1 plugins.
Preloading 0 native plugins for Editor in 0.00 ms.
Invoked RoslynAnalysisRunner static constructor.
RoslynAnalysisRunner will not be running.
RoslynAnalysisRunner has terminated.
Mono: successfully reloaded assembly
- Completed reload, in 11.012 seconds
Platform modules already initialized, skipping
Refreshing native plugins compatible for Editor in 1.64 ms, found 1 plugins.
Preloading 0 native plugins for Editor in 0.00 ms.
Unloading 1803 Unused Serialized files (Serialized files now loaded: 0)
System memory in use before: 88.2 MB.
System memory in use after: 88.3 MB.

Unloading 8 unused Assets to reduce memory usage. Loaded Objects now: 2282.
Total: 28.976400 ms (FindLiveObjects: 4.946700 ms CreateObjectMapping: 0.217900 ms MarkObjects: 23.295300 ms  DeleteObjects: 0.512400 ms)

========================================================================
Received Prepare
Registering precompiled user dll's ...
Registered in 0.018880 seconds.
Begin MonoManager ReloadAssembly
Native extension for WindowsStandalone target not found
Native extension for WebGL target not found
Refreshing native plugins compatible for Editor in 1.84 ms, found 1 plugins.
Preloading 0 native plugins for Editor in 0.00 ms.
Invoked RoslynAnalysisRunner static constructor.
RoslynAnalysisRunner will not be running.
RoslynAnalysisRunner has terminated.
Mono: successfully reloaded assembly
- Completed reload, in  5.667 seconds
Platform modules already initialized, skipping
Refreshing native plugins compatible for Editor in 1.12 ms, found 1 plugins.
Preloading 0 native plugins for Editor in 0.00 ms.
Unloading 1803 Unused Serialized files (Serialized files now loaded: 0)
System memory in use before: 88.2 MB.
System memory in use after: 88.4 MB.

Unloading 8 unused Assets to reduce memory usage. Loaded Objects now: 2285.
Total: 34.850200 ms (FindLiveObjects: 6.722000 ms CreateObjectMapping: 0.433000 ms MarkObjects: 27.171500 ms  DeleteObjects: 0.518600 ms)

========================================================================
Received Import Request.
  Time since last request: 519.217524 seconds.
  path: Assets/Scripts/Healthmeter.cs
  artifactKey: Guid(937d82b6e8a59344fb6a3be4e2407507) Importer(815301076,1909f56bfc062723c751e8b465ee728b)
Start importing Assets/Scripts/Healthmeter.cs using Guid(937d82b6e8a59344fb6a3be4e2407507) Importer(815301076,1909f56bfc062723c751e8b465ee728b)  -> (artifact id: 'a0831f26f9517d94e27dd4b20f8fef73') in 0.078133 seconds
  Import took 0.102205 seconds .

========================================================================
Received Import Request.
  Time since last request: 40.146806 seconds.
  path: Assets/Scripts/Damage.cs
  artifactKey: Guid(4d0671c712646e5439c050201a41dbf7) Importer(815301076,1909f56bfc062723c751e8b465ee728b)
Start importing Assets/Scripts/Damage.cs using Guid(4d0671c712646e5439c050201a41dbf7) Importer(815301076,1909f56bfc062723c751e8b465ee728b)  -> (artifact id: 'c6455d4a7d42c742b855c7abcedde414') in 0.073230 seconds
  Import took 0.239662 seconds .

========================================================================
Received Prepare
Registering precompiled user dll's ...
Registered in 0.230583 seconds.
Begin MonoManager ReloadAssembly
Native extension for WindowsStandalone target not found
Native extension for WebGL target not found
Refreshing native plugins compatible for Editor in 2.68 ms, found 1 plugins.
Preloading 0 native plugins for Editor in 0.00 ms.
Invoked RoslynAnalysisRunner static constructor.
RoslynAnalysisRunner will not be running.
RoslynAnalysisRunner has terminated.
Mono: successfully reloaded assembly
- Completed reload, in  6.895 seconds
Platform modules already initialized, skipping
Refreshing native plugins compatible for Editor in 1.07 ms, found 1 plugins.
Preloading 0 native plugins for Editor in 0.00 ms.
Unloading 1804 Unused Serialized files (Serialized files now loaded: 0)
System memory in use before: 88.3 MB.
System memory in use after: 88.4 MB.

Unloading 8 unused Assets to reduce memory usage. Loaded Objects now: 2289.
Total: 23.382200 ms (FindLiveObjects: 3.228800 ms CreateObjectMapping: 0.127100 ms MarkObjects: 19.509900 ms  DeleteObjects: 0.512000 ms)

========================================================================
Received Prepare
Registering precompiled user dll's ...
Registered in 0.006515 seconds.
Begin MonoManager ReloadAssembly
Native extension for WindowsStandalone target not found
Native extension for WebGL target not found
Refreshing native plugins compatible for Editor in 2.29 ms, found 1 plugins.
Preloading 0 native plugins for Editor in 0.00 ms.
Invoked RoslynAnalysisRunner static constructor.
RoslynAnalysisRunner will not be running.
RoslynAnalysisRunner has terminated.
Mono: successfully reloaded assembly
- Completed reload, in  2.130 seconds
Platform modules already initialized, skipping
Refreshing native plugins compatible for Editor in 1.18 ms, found 1 plugins.
Preloading 0 native plugins for Editor in 0.00 ms.
Unloading 1804 Unused Serialized files (Serialized files now loaded: 0)
System memory in use before: 88.3 MB.
System memory in use after: 88.4 MB.

Unloading 8 unused Assets to reduce memory usage. Loaded Objects now: 2292.
Total: 4.656300 ms (FindLiveObjects: 0.698000 ms CreateObjectMapping: 0.160600 ms MarkObjects: 3.756300 ms  DeleteObjects: 0.038500 ms)

========================================================================
Received Import Request.
  Time since last request: 202.250412 seconds.
  path: Assets/Scripts/Damage.cs
  artifactKey: Guid(4d0671c712646e5439c050201a41dbf7) Importer(815301076,1909f56bfc062723c751e8b465ee728b)
Start importing Assets/Scripts/Damage.cs using Guid(4d0671c712646e5439c050201a41dbf7) Importer(815301076,1909f56bfc062723c751e8b465ee728b)  -> (artifact id: '7b56dfcfa31cf11e544df75de277e9e2') in 0.039172 seconds
  Import took 0.052061 seconds .

========================================================================
Received Import Request.
  Time since last request: 24.089825 seconds.
  path: Assets/Scripts/Blackroom.cs
  artifactKey: Guid(9c45448cae7f6ac488b583cd1f9d23a5) Importer(815301076,1909f56bfc062723c751e8b465ee728b)
Start importing Assets/Scripts/Blackroom.cs using Guid(9c45448cae7f6ac488b583cd1f9d23a5) Importer(815301076,1909f56bfc062723c751e8b465ee728b)  -> (artifact id: '4ff68ae39419e36c3e267aff9a677a5f') in 0.065215 seconds
  Import took 0.075804 seconds .

========================================================================
Received Prepare
Registering precompiled user dll's ...
Registered in 0.011037 seconds.
Begin MonoManager ReloadAssembly
Native extension for WindowsStandalone target not found
Native extension for WebGL target not found
Refreshing native plugins compatible for Editor in 1.11 ms, found 1 plugins.
Preloading 0 native plugins for Editor in 0.00 ms.
Invoked RoslynAnalysisRunner static constructor.
RoslynAnalysisRunner will not be running.
RoslynAnalysisRunner has terminated.
Mono: successfully reloaded assembly
- Completed reload, in  2.439 seconds
Platform modules already initialized, skipping
Refreshing native plugins compatible for Editor in 1.09 ms, found 1 plugins.
Preloading 0 native plugins for Editor in 0.00 ms.
Unloading 1804 Unused Serialized files (Serialized files now loaded: 0)
System memory in use before: 88.3 MB.
System memory in use after: 88.4 MB.

Unloading 8 unused Assets to reduce memory usage. Loaded Objects now: 2295.
Total: 11.139100 ms (FindLiveObjects: 3.862500 ms CreateObjectMapping: 0.666500 ms MarkObjects: 6.564100 ms  DeleteObjects: 0.042800 ms)

========================================================================
Received Prepare
Registering precompiled user dll's ...
Registered in 0.005321 seconds.
Begin MonoManager ReloadAssembly
Native extension for WindowsStandalone target not found
Native extension for WebGL target not found
Refreshing native plugins compatible for Editor in 1.16 ms, found 1 plugins.
Preloading 0 native plugins for Editor in 0.00 ms.
Invoked RoslynAnalysisRunner static constructor.
RoslynAnalysisRunner will not be running.
RoslynAnalysisRunner has terminated.
Mono: successfully reloaded assembly
- Completed reload, in  4.887 seconds
Platform modules already initialized, skipping
Refreshing native plugins compatible for Editor in 3.99 ms, found 1 plugins.
Preloading 0 native plugins for Editor in 0.00 ms.
Unloading 1804 Unused Serialized files (Serialized files now loaded: 0)
System memory in use before: 88.3 MB.
System memory in use after: 88.4 MB.

Unloading 8 unused Assets to reduce memory usage. Loaded Objects now: 2298.
Total: 6.690000 ms (FindLiveObjects: 0.719700 ms CreateObjectMapping: 0.119700 ms MarkObjects: 5.801300 ms  DeleteObjects: 0.046700 ms)

========================================================================
Received Prepare
Registering precompiled user dll's ...
Registered in 0.003652 seconds.
Begin MonoManager ReloadAssembly
Native extension for WindowsStandalone target not found
Native extension for WebGL target not found
Refreshing native plugins compatible for Editor in 1.42 ms, found 1 plugins.
Preloading 0 native plugins for Editor in 0.00 ms.
Invoked RoslynAnalysisRunner static constructor.
RoslynAnalysisRunner will not be running.
RoslynAnalysisRunner has terminated.
Mono: successfully reloaded assembly
- Completed reload, in  4.045 seconds
Platform modules already initialized, skipping
Refreshing native plugins compatible for Editor in 1.19 ms, found 1 plugins.
Preloading 0 native plugins for Editor in 0.00 ms.
Unloading 1804 Unused Serialized files (Serialized files now loaded: 0)
System memory in use before: 88.3 MB.
System memory in use after: 88.4 MB.

Unloading 8 unused Assets to reduce memory usage. Loaded Objects now: 2301.
Total: 5.041800 ms (FindLiveObjects: 0.564700 ms CreateObjectMapping: 0.118500 ms MarkObjects: 4.289300 ms  DeleteObjects: 0.066300 ms)

========================================================================
Received Prepare
Registering precompiled user dll's ...
Registered in 0.039304 seconds.
Begin MonoManager ReloadAssembly
Native extension for WindowsStandalone target not found
Native extension for WebGL target not found
Refreshing native plugins compatible for Editor in 1.12 ms, found 1 plugins.
Preloading 0 native plugins for Editor in 0.00 ms.
Invoked RoslynAnalysisRunner static constructor.
RoslynAnalysisRunner will not be running.
RoslynAnalysisRunner has terminated.
Mono: successfully reloaded assembly
- Completed reload, in  2.449 seconds
Platform modules already initialized, skipping
Refreshing native plugins compatible for Editor in 1.09 ms, found 1 plugins.
Preloading 0 native plugins for Editor in 0.00 ms.
Unloading 1804 Unused Serialized files (Serialized files now loaded: 0)
System memory in use before: 88.3 MB.
System memory in use after: 88.4 MB.

Unloading 8 unused Assets to reduce memory usage. Loaded Objects now: 2304.
Total: 4.744000 ms (FindLiveObjects: 0.541500 ms CreateObjectMapping: 0.106100 ms MarkObjects: 4.051200 ms  DeleteObjects: 0.042400 ms)

========================================================================
Received Prepare
Registering precompiled user dll's ...
Registered in 0.003356 seconds.
Begin MonoManager ReloadAssembly
Native extension for WindowsStandalone target not found
Native extension for WebGL target not found
Refreshing native plugins compatible for Editor in 2.41 ms, found 1 plugins.
Preloading 0 native plugins for Editor in 0.00 ms.
Invoked RoslynAnalysisRunner static constructor.
RoslynAnalysisRunner will not be running.
RoslynAnalysisRunner has terminated.
Mono: successfully reloaded assembly
- Completed reload, in  4.647 seconds
Platform modules already initialized, skipping
Refreshing native plugins compatible for Editor in 1.28 ms, found 1 plugins.
Preloading 0 native plugins for Editor in 0.00 ms.
Unloading 1804 Unused Serialized files (Serialized files now loaded: 0)
System memory in use before: 88.3 MB.
System memory in use after: 88.4 MB.

Unloading 8 unused Assets to reduce memory usage. Loaded Objects now: 2307.
Total: 9.074200 ms (FindLiveObjects: 0.559400 ms CreateObjectMapping: 0.132300 ms MarkObjects: 8.334600 ms  DeleteObjects: 0.044900 ms)

========================================================================
Received Prepare
Registering precompiled user dll's ...
Registered in 0.005260 seconds.
Begin MonoManager ReloadAssembly
Native extension for WindowsStandalone target not found
Native extension for WebGL target not found
Refreshing native plugins compatible for Editor in 1.10 ms, found 1 plugins.
Preloading 0 native plugins for Editor in 0.00 ms.
Invoked RoslynAnalysisRunner static constructor.
RoslynAnalysisRunner will not be running.
RoslynAnalysisRunner has terminated.
Mono: successfully reloaded assembly
- Completed reload, in  2.627 seconds
Platform modules already initialized, skipping
Refreshing native plugins compatible for Editor in 1.09 ms, found 1 plugins.
Preloading 0 native plugins for Editor in 0.00 ms.
Unloading 1804 Unused Serialized files (Serialized files now loaded: 0)
System memory in use before: 88.3 MB.
System memory in use after: 88.4 MB.

Unloading 8 unused Assets to reduce memory usage. Loaded Objects now: 2310.
Total: 4.641600 ms (FindLiveObjects: 0.583800 ms CreateObjectMapping: 0.111100 ms MarkObjects: 3.903600 ms  DeleteObjects: 0.040700 ms)

AssetImportWorkerClient::OnTransportError - code=2 error=End of file
